<?xml version="1.0" encoding="UTF-8"?>
<coverage generated="1601669808859" clover="3.2.0">
  <project timestamp="1601669808859" name="All files">
    <metrics statements="159" coveredstatements="115" conditionals="97" coveredconditionals="57" methods="43" coveredmethods="29" elements="299" coveredelements="201" complexity="0" loc="159" ncloc="159" packages="2" files="2" classes="2"/>
    <package name="src">
      <metrics statements="141" coveredstatements="107" conditionals="83" coveredconditionals="54" methods="38" coveredmethods="28"/>
      <file name="index.ts" path="E:\use-models\src\index.ts">
        <metrics statements="141" coveredstatements="107" conditionals="83" coveredconditionals="54" methods="38" coveredmethods="28"/>
        <line num="8" count="1" type="stmt"/>
        <line num="17" count="296" type="stmt"/>
        <line num="22" count="1047" type="stmt"/>
        <line num="24" count="1" type="stmt"/>
        <line num="25" count="74" type="cond" truecount="1" falsecount="0"/>
        <line num="26" count="148" type="stmt"/>
        <line num="28" count="370" type="cond" truecount="4" falsecount="0"/>
        <line num="36" count="1" type="stmt"/>
        <line num="37" count="74" type="stmt"/>
        <line num="44" count="74" type="stmt"/>
        <line num="48" count="38" type="cond" truecount="3" falsecount="1"/>
        <line num="49" count="38" type="stmt"/>
        <line num="50" count="38" type="cond" truecount="2" falsecount="0"/>
        <line num="51" count="30" type="cond" truecount="2" falsecount="0"/>
        <line num="52" count="18" type="cond" truecount="1" falsecount="1"/>
        <line num="54" count="12" type="stmt"/>
        <line num="56" count="8" type="stmt"/>
        <line num="60" count="554" type="stmt"/>
        <line num="65" count="148" type="stmt"/>
        <line num="66" count="518" type="cond" truecount="2" falsecount="0"/>
        <line num="67" count="74" type="stmt"/>
        <line num="69" count="444" type="stmt"/>
        <line num="72" count="148" type="stmt"/>
        <line num="76" count="148" type="stmt"/>
        <line num="77" count="518" type="cond" truecount="4" falsecount="0"/>
        <line num="78" count="370" type="stmt"/>
        <line num="79" count="370" type="cond" truecount="2" falsecount="0"/>
        <line num="80" count="296" type="stmt"/>
        <line num="81" count="296" type="stmt"/>
        <line num="83" count="370" type="cond" truecount="2" falsecount="0"/>
        <line num="84" count="296" type="stmt"/>
        <line num="85" count="296" type="stmt"/>
        <line num="87" count="370" type="cond" truecount="2" falsecount="0"/>
        <line num="88" count="74" type="cond" truecount="1" falsecount="1"/>
        <line num="89" count="74" type="stmt"/>
        <line num="91" count="74" type="cond" truecount="1" falsecount="1"/>
        <line num="92" count="74" type="stmt"/>
        <line num="94" count="74" type="stmt"/>
        <line num="97" count="148" type="stmt"/>
        <line num="110" count="74" type="stmt"/>
        <line num="111" count="74" type="stmt"/>
        <line num="112" count="74" type="stmt"/>
        <line num="113" count="74" type="stmt"/>
        <line num="114" count="74" type="stmt"/>
        <line num="116" count="74" type="stmt"/>
        <line num="124" count="25" type="cond" truecount="1" falsecount="1"/>
        <line num="125" count="0" type="stmt"/>
        <line num="128" count="25" type="cond" truecount="4" falsecount="1"/>
        <line num="129" count="25" type="stmt"/>
        <line num="132" count="0" type="stmt"/>
        <line num="141" count="74" type="stmt"/>
        <line num="142" count="74" type="stmt"/>
        <line num="143" count="74" type="stmt"/>
        <line num="144" count="74" type="stmt"/>
        <line num="146" count="74" type="stmt"/>
        <line num="147" count="1" type="stmt"/>
        <line num="148" count="1" type="stmt"/>
        <line num="149" count="2" type="stmt"/>
        <line num="150" count="2" type="stmt"/>
        <line num="151" count="2" type="stmt"/>
        <line num="154" count="0" type="stmt"/>
        <line num="159" count="0" type="stmt"/>
        <line num="160" count="0" type="cond" truecount="0" falsecount="2"/>
        <line num="161" count="0" type="stmt"/>
        <line num="162" count="0" type="stmt"/>
        <line num="165" count="0" type="stmt"/>
        <line num="166" count="0" type="stmt"/>
        <line num="170" count="74" type="stmt"/>
        <line num="171" count="36" type="cond" truecount="1" falsecount="1"/>
        <line num="172" count="36" type="stmt"/>
        <line num="173" count="36" type="stmt"/>
        <line num="174" count="36" type="stmt"/>
        <line num="177" count="25" type="stmt"/>
        <line num="180" count="11" type="stmt"/>
        <line num="184" count="74" type="stmt"/>
        <line num="187" count="482" type="stmt"/>
        <line num="188" count="482" type="stmt"/>
        <line num="189" count="482" type="stmt"/>
        <line num="190" count="483" type="stmt"/>
        <line num="192" count="482" type="stmt"/>
        <line num="196" count="72" type="stmt"/>
        <line num="197" count="72" type="stmt"/>
        <line num="198" count="72" type="cond" truecount="1" falsecount="1"/>
        <line num="199" count="72" type="stmt"/>
        <line num="200" count="72" type="stmt"/>
        <line num="201" count="2" type="cond" truecount="1" falsecount="1"/>
        <line num="203" count="72" type="stmt"/>
        <line num="205" count="72" type="stmt"/>
        <line num="209" count="222" type="stmt"/>
        <line num="212" count="35" type="stmt"/>
        <line num="213" count="35" type="cond" truecount="1" falsecount="1"/>
        <line num="214" count="0" type="stmt"/>
        <line num="217" count="35" type="cond" truecount="1" falsecount="1"/>
        <line num="218" count="35" type="stmt"/>
        <line num="221" count="35" type="stmt"/>
        <line num="222" count="35" type="stmt"/>
        <line num="223" count="35" type="cond" truecount="2" falsecount="0"/>
        <line num="224" count="7" type="stmt"/>
        <line num="226" count="35" type="stmt"/>
        <line num="236" count="74" type="stmt"/>
        <line num="238" count="0" type="cond" truecount="0" falsecount="2"/>
        <line num="239" count="0" type="stmt"/>
        <line num="240" count="0" type="stmt"/>
        <line num="241" count="0" type="cond" truecount="0" falsecount="2"/>
        <line num="242" count="0" type="stmt"/>
        <line num="244" count="0" type="stmt"/>
        <line num="255" count="148" type="stmt"/>
        <line num="257" count="0" type="cond" truecount="0" falsecount="2"/>
        <line num="258" count="0" type="stmt"/>
        <line num="259" count="0" type="stmt"/>
        <line num="260" count="0" type="stmt"/>
        <line num="261" count="0" type="cond" truecount="0" falsecount="2"/>
        <line num="262" count="0" type="stmt"/>
        <line num="264" count="0" type="stmt"/>
        <line num="275" count="74" type="stmt"/>
        <line num="276" count="1" type="stmt"/>
        <line num="277" count="1" type="stmt"/>
        <line num="279" count="0" type="cond" truecount="0" falsecount="2"/>
        <line num="280" count="0" type="stmt"/>
        <line num="282" count="0" type="stmt"/>
        <line num="284" count="0" type="stmt"/>
        <line num="291" count="74" type="stmt"/>
        <line num="292" count="74" type="stmt"/>
        <line num="294" count="0" type="stmt"/>
        <line num="300" count="0" type="stmt"/>
        <line num="305" count="0" type="stmt"/>
        <line num="309" count="74" type="stmt"/>
        <line num="310" count="74" type="stmt"/>
        <line num="311" count="0" type="stmt"/>
        <line num="316" count="1" type="stmt"/>
        <line num="317" count="1" type="stmt"/>
        <line num="318" count="1" type="cond" truecount="3" falsecount="1"/>
        <line num="319" count="0" type="stmt"/>
        <line num="321" count="1" type="cond" truecount="1" falsecount="1"/>
        <line num="323" count="1" type="stmt"/>
        <line num="328" count="0" type="stmt"/>
        <line num="331" count="74" type="cond" truecount="1" falsecount="0"/>
        <line num="333" count="1" type="stmt"/>
        <line num="334" count="1" type="cond" truecount="1" falsecount="1"/>
        <line num="335" count="0" type="stmt"/>
        <line num="340" count="74" type="stmt"/>
      </file>
    </package>
    <package name="src.lib">
      <metrics statements="18" coveredstatements="8" conditionals="14" coveredconditionals="3" methods="5" coveredmethods="1"/>
      <file name="validators.ts" path="E:\use-models\src\lib\validators.ts">
        <metrics statements="18" coveredstatements="8" conditionals="14" coveredconditionals="3" methods="5" coveredmethods="1"/>
        <line num="2" count="1" type="stmt"/>
        <line num="4" count="0" type="cond" truecount="0" falsecount="2"/>
        <line num="7" count="18" type="stmt"/>
        <line num="8" count="18" type="stmt"/>
        <line num="9" count="18" type="stmt"/>
        <line num="10" count="18" type="stmt"/>
        <line num="11" count="18" type="stmt"/>
        <line num="12" count="18" type="cond" truecount="3" falsecount="1"/>
        <line num="13" count="0" type="stmt"/>
        <line num="15" count="18" type="stmt"/>
        <line num="17" count="0" type="cond" truecount="0" falsecount="2"/>
        <line num="18" count="0" type="stmt"/>
        <line num="22" count="0" type="cond" truecount="0" falsecount="2"/>
        <line num="23" count="0" type="stmt"/>
        <line num="27" count="0" type="cond" truecount="0" falsecount="2"/>
        <line num="28" count="0" type="stmt"/>
        <line num="32" count="0" type="cond" truecount="0" falsecount="2"/>
        <line num="33" count="0" type="stmt"/>
      </file>
    </package>
  </project>
</coverage>
