{"E:\\use-models\\src\\index.ts": {"path":"E:\\use-models\\src\\index.ts","statementMap":{"0":{"start":{"line":8,"column":2},"end":{"line":8,"column":24}},"1":{"start":{"line":17,"column":2},"end":{"line":17,"column":44}},"2":{"start":{"line":22,"column":12},"end":{"line":22,"column":53}},"3":{"start":{"line":22,"column":35},"end":{"line":22,"column":53}},"4":{"start":{"line":24,"column":16},"end":{"line":34,"column":1}},"5":{"start":{"line":25,"column":2},"end":{"line":33,"column":13}},"6":{"start":{"line":26,"column":4},"end":{"line":32,"column":15}},"7":{"start":{"line":28,"column":15},"end":{"line":30,"column":64}},"8":{"start":{"line":36,"column":27},"end":{"line":45,"column":1}},"9":{"start":{"line":37,"column":16},"end":{"line":37,"column":32}},"10":{"start":{"line":44,"column":2},"end":{"line":44,"column":15}},"11":{"start":{"line":48,"column":19},"end":{"line":48,"column":190}},"12":{"start":{"line":48,"column":108},"end":{"line":48,"column":188}},"13":{"start":{"line":49,"column":14},"end":{"line":49,"column":27}},"14":{"start":{"line":50,"column":2},"end":{"line":55,"column":3}},"15":{"start":{"line":51,"column":4},"end":{"line":53,"column":5}},"16":{"start":{"line":52,"column":6},"end":{"line":52,"column":76}},"17":{"start":{"line":54,"column":4},"end":{"line":54,"column":29}},"18":{"start":{"line":56,"column":2},"end":{"line":56,"column":13}},"19":{"start":{"line":60,"column":2},"end":{"line":60,"column":25}},"20":{"start":{"line":65,"column":2},"end":{"line":71,"column":3}},"21":{"start":{"line":66,"column":4},"end":{"line":70,"column":5}},"22":{"start":{"line":67,"column":6},"end":{"line":67,"column":20}},"23":{"start":{"line":69,"column":6},"end":{"line":69,"column":15}},"24":{"start":{"line":72,"column":2},"end":{"line":72,"column":11}},"25":{"start":{"line":76,"column":2},"end":{"line":99,"column":3}},"26":{"start":{"line":77,"column":4},"end":{"line":98,"column":5}},"27":{"start":{"line":78,"column":26},"end":{"line":78,"column":30}},"28":{"start":{"line":79,"column":6},"end":{"line":82,"column":7}},"29":{"start":{"line":80,"column":8},"end":{"line":80,"column":46}},"30":{"start":{"line":81,"column":8},"end":{"line":81,"column":30}},"31":{"start":{"line":83,"column":6},"end":{"line":86,"column":7}},"32":{"start":{"line":84,"column":8},"end":{"line":84,"column":49}},"33":{"start":{"line":85,"column":8},"end":{"line":85,"column":30}},"34":{"start":{"line":87,"column":6},"end":{"line":95,"column":7}},"35":{"start":{"line":88,"column":8},"end":{"line":90,"column":9}},"36":{"start":{"line":89,"column":10},"end":{"line":89,"column":31}},"37":{"start":{"line":91,"column":8},"end":{"line":93,"column":9}},"38":{"start":{"line":92,"column":10},"end":{"line":92,"column":31}},"39":{"start":{"line":94,"column":8},"end":{"line":94,"column":70}},"40":{"start":{"line":97,"column":6},"end":{"line":97,"column":38}},"41":{"start":{"line":110,"column":16},"end":{"line":110,"column":18}},"42":{"start":{"line":111,"column":17},"end":{"line":111,"column":19}},"43":{"start":{"line":112,"column":2},"end":{"line":112,"column":36}},"44":{"start":{"line":113,"column":36},"end":{"line":113,"column":61}},"45":{"start":{"line":114,"column":26},"end":{"line":114,"column":52}},"46":{"start":{"line":116,"column":2},"end":{"line":116,"column":67}},"47":{"start":{"line":124,"column":2},"end":{"line":131,"column":3}},"48":{"start":{"line":125,"column":4},"end":{"line":125,"column":15}},"49":{"start":{"line":128,"column":4},"end":{"line":130,"column":5}},"50":{"start":{"line":129,"column":6},"end":{"line":129,"column":46}},"51":{"start":{"line":132,"column":2},"end":{"line":132,"column":33}},"52":{"start":{"line":141,"column":56},"end":{"line":141,"column":80}},"53":{"start":{"line":142,"column":21},"end":{"line":142,"column":23}},"54":{"start":{"line":143,"column":28},"end":{"line":143,"column":53}},"55":{"start":{"line":144,"column":30},"end":{"line":144,"column":65}},"56":{"start":{"line":146,"column":19},"end":{"line":168,"column":3}},"57":{"start":{"line":147,"column":17},"end":{"line":147,"column":19}},"58":{"start":{"line":148,"column":4},"end":{"line":157,"column":5}},"59":{"start":{"line":149,"column":6},"end":{"line":156,"column":7}},"60":{"start":{"line":149,"column":19},"end":{"line":149,"column":20}},"61":{"start":{"line":150,"column":8},"end":{"line":155,"column":9}},"62":{"start":{"line":151,"column":10},"end":{"line":151,"column":66}},"63":{"start":{"line":154,"column":10},"end":{"line":154,"column":44}},"64":{"start":{"line":159,"column":19},"end":{"line":159,"column":51}},"65":{"start":{"line":160,"column":4},"end":{"line":164,"column":5}},"66":{"start":{"line":161,"column":6},"end":{"line":163,"column":9}},"67":{"start":{"line":162,"column":8},"end":{"line":162,"column":90}},"68":{"start":{"line":165,"column":4},"end":{"line":165,"column":24}},"69":{"start":{"line":166,"column":4},"end":{"line":166,"column":16}},"70":{"start":{"line":170,"column":23},"end":{"line":182,"column":3}},"71":{"start":{"line":171,"column":4},"end":{"line":181,"column":5}},"72":{"start":{"line":172,"column":6},"end":{"line":179,"column":7}},"73":{"start":{"line":172,"column":19},"end":{"line":172,"column":20}},"74":{"start":{"line":173,"column":8},"end":{"line":178,"column":9}},"75":{"start":{"line":174,"column":10},"end":{"line":174,"column":63}},"76":{"start":{"line":177,"column":10},"end":{"line":177,"column":84}},"77":{"start":{"line":180,"column":6},"end":{"line":180,"column":48}},"78":{"start":{"line":184,"column":26},"end":{"line":184,"column":35}},"79":{"start":{"line":187,"column":17},"end":{"line":187,"column":32}},"80":{"start":{"line":188,"column":16},"end":{"line":188,"column":21}},"81":{"start":{"line":189,"column":4},"end":{"line":191,"column":5}},"82":{"start":{"line":189,"column":17},"end":{"line":189,"column":18}},"83":{"start":{"line":190,"column":6},"end":{"line":190,"column":29}},"84":{"start":{"line":192,"column":4},"end":{"line":192,"column":40}},"85":{"start":{"line":196,"column":23},"end":{"line":196,"column":37}},"86":{"start":{"line":197,"column":17},"end":{"line":197,"column":32}},"87":{"start":{"line":198,"column":4},"end":{"line":204,"column":5}},"88":{"start":{"line":199,"column":16},"end":{"line":199,"column":22}},"89":{"start":{"line":200,"column":6},"end":{"line":202,"column":7}},"90":{"start":{"line":200,"column":19},"end":{"line":200,"column":20}},"91":{"start":{"line":201,"column":8},"end":{"line":201,"column":52}},"92":{"start":{"line":203,"column":6},"end":{"line":203,"column":41}},"93":{"start":{"line":205,"column":4},"end":{"line":205,"column":18}},"94":{"start":{"line":209,"column":4},"end":{"line":231,"column":6}},"95":{"start":{"line":212,"column":20},"end":{"line":212,"column":21}},"96":{"start":{"line":213,"column":8},"end":{"line":215,"column":9}},"97":{"start":{"line":214,"column":10},"end":{"line":214,"column":35}},"98":{"start":{"line":217,"column":8},"end":{"line":219,"column":9}},"99":{"start":{"line":218,"column":10},"end":{"line":218,"column":42}},"100":{"start":{"line":221,"column":25},"end":{"line":221,"column":39}},"101":{"start":{"line":222,"column":8},"end":{"line":222,"column":41}},"102":{"start":{"line":223,"column":8},"end":{"line":225,"column":9}},"103":{"start":{"line":224,"column":10},"end":{"line":224,"column":44}},"104":{"start":{"line":226,"column":8},"end":{"line":226,"column":34}},"105":{"start":{"line":236,"column":4},"end":{"line":250,"column":6}},"106":{"start":{"line":238,"column":25},"end":{"line":238,"column":75}},"107":{"start":{"line":239,"column":25},"end":{"line":239,"column":39}},"108":{"start":{"line":240,"column":8},"end":{"line":240,"column":44}},"109":{"start":{"line":241,"column":8},"end":{"line":243,"column":9}},"110":{"start":{"line":242,"column":10},"end":{"line":242,"column":47}},"111":{"start":{"line":244,"column":8},"end":{"line":244,"column":37}},"112":{"start":{"line":255,"column":4},"end":{"line":271,"column":6}},"113":{"start":{"line":257,"column":8},"end":{"line":265,"column":9}},"114":{"start":{"line":258,"column":27},"end":{"line":258,"column":32}},"115":{"start":{"line":259,"column":27},"end":{"line":259,"column":41}},"116":{"start":{"line":260,"column":10},"end":{"line":260,"column":42}},"117":{"start":{"line":261,"column":10},"end":{"line":263,"column":11}},"118":{"start":{"line":262,"column":12},"end":{"line":262,"column":49}},"119":{"start":{"line":264,"column":10},"end":{"line":264,"column":39}},"120":{"start":{"line":275,"column":4},"end":{"line":285,"column":6}},"121":{"start":{"line":276,"column":6},"end":{"line":276,"column":25}},"122":{"start":{"line":277,"column":19},"end":{"line":277,"column":35}},"123":{"start":{"line":279,"column":6},"end":{"line":283,"column":7}},"124":{"start":{"line":280,"column":8},"end":{"line":280,"column":36}},"125":{"start":{"line":282,"column":8},"end":{"line":282,"column":18}},"126":{"start":{"line":284,"column":6},"end":{"line":284,"column":26}},"127":{"start":{"line":291,"column":4},"end":{"line":291,"column":22}},"128":{"start":{"line":292,"column":4},"end":{"line":295,"column":6}},"129":{"start":{"line":294,"column":6},"end":{"line":294,"column":24}},"130":{"start":{"line":300,"column":4},"end":{"line":300,"column":17}},"131":{"start":{"line":305,"column":4},"end":{"line":305,"column":18}},"132":{"start":{"line":309,"column":4},"end":{"line":309,"column":26}},"133":{"start":{"line":310,"column":4},"end":{"line":312,"column":5}},"134":{"start":{"line":311,"column":6},"end":{"line":311,"column":30}},"135":{"start":{"line":316,"column":21},"end":{"line":316,"column":35}},"136":{"start":{"line":317,"column":4},"end":{"line":317,"column":37}},"137":{"start":{"line":318,"column":4},"end":{"line":320,"column":5}},"138":{"start":{"line":319,"column":6},"end":{"line":319,"column":40}},"139":{"start":{"line":321,"column":4},"end":{"line":324,"column":5}},"140":{"start":{"line":323,"column":6},"end":{"line":323,"column":32}},"141":{"start":{"line":328,"column":4},"end":{"line":328,"column":26}},"142":{"start":{"line":331,"column":18},"end":{"line":338,"column":8}},"143":{"start":{"line":333,"column":4},"end":{"line":333,"column":38}},"144":{"start":{"line":334,"column":4},"end":{"line":336,"column":5}},"145":{"start":{"line":335,"column":6},"end":{"line":335,"column":43}},"146":{"start":{"line":340,"column":2},"end":{"line":340,"column":134}}},"fnMap":{"0":{"name":"extendValidators","decl":{"start":{"line":7,"column":9},"end":{"line":7,"column":25}},"loc":{"start":{"line":7,"column":63},"end":{"line":9,"column":1}},"line":7},"1":{"name":"model","decl":{"start":{"line":16,"column":9},"end":{"line":16,"column":14}},"loc":{"start":{"line":16,"column":75},"end":{"line":18,"column":1}},"line":16},"2":{"name":"(anonymous_2)","decl":{"start":{"line":22,"column":12},"end":{"line":22,"column":13}},"loc":{"start":{"line":22,"column":35},"end":{"line":22,"column":53}},"line":22},"3":{"name":"(anonymous_3)","decl":{"start":{"line":24,"column":16},"end":{"line":24,"column":17}},"loc":{"start":{"line":24,"column":33},"end":{"line":34,"column":1}},"line":24},"4":{"name":"_flatten","decl":{"start":{"line":25,"column":39},"end":{"line":25,"column":47}},"loc":{"start":{"line":25,"column":90},"end":{"line":33,"column":3}},"line":25},"5":{"name":"(anonymous_5)","decl":{"start":{"line":28,"column":8},"end":{"line":28,"column":9}},"loc":{"start":{"line":28,"column":15},"end":{"line":30,"column":64}},"line":28},"6":{"name":"(anonymous_6)","decl":{"start":{"line":36,"column":27},"end":{"line":36,"column":28}},"loc":{"start":{"line":36,"column":54},"end":{"line":45,"column":1}},"line":36},"7":{"name":"execValidator","decl":{"start":{"line":47,"column":9},"end":{"line":47,"column":22}},"loc":{"start":{"line":47,"column":65},"end":{"line":57,"column":1}},"line":47},"8":{"name":"noop","decl":{"start":{"line":48,"column":99},"end":{"line":48,"column":103}},"loc":{"start":{"line":48,"column":106},"end":{"line":48,"column":190}},"line":48},"9":{"name":"parsePath","decl":{"start":{"line":59,"column":9},"end":{"line":59,"column":18}},"loc":{"start":{"line":59,"column":33},"end":{"line":61,"column":1}},"line":59},"10":{"name":"oSet","decl":{"start":{"line":64,"column":9},"end":{"line":64,"column":13}},"loc":{"start":{"line":64,"column":30},"end":{"line":73,"column":1}},"line":64},"11":{"name":"assignValues","decl":{"start":{"line":75,"column":9},"end":{"line":75,"column":21}},"loc":{"start":{"line":75,"column":77},"end":{"line":100,"column":1}},"line":75},"12":{"name":"parseOptions","decl":{"start":{"line":108,"column":9},"end":{"line":108,"column":21}},"loc":{"start":{"line":108,"column":51},"end":{"line":117,"column":1}},"line":108},"13":{"name":"stringifyErr","decl":{"start":{"line":123,"column":9},"end":{"line":123,"column":21}},"loc":{"start":{"line":123,"column":63},"end":{"line":133,"column":1}},"line":123},"14":{"name":"useModels","decl":{"start":{"line":139,"column":24},"end":{"line":139,"column":33}},"loc":{"start":{"line":139,"column":66},"end":{"line":342,"column":1}},"line":139},"15":{"name":"(anonymous_15)","decl":{"start":{"line":146,"column":19},"end":{"line":146,"column":20}},"loc":{"start":{"line":146,"column":31},"end":{"line":168,"column":3}},"line":146},"16":{"name":"(anonymous_16)","decl":{"start":{"line":161,"column":19},"end":{"line":161,"column":20}},"loc":{"start":{"line":161,"column":26},"end":{"line":163,"column":7}},"line":161},"17":{"name":"(anonymous_17)","decl":{"start":{"line":170,"column":23},"end":{"line":170,"column":24}},"loc":{"start":{"line":170,"column":59},"end":{"line":182,"column":3}},"line":170},"18":{"name":"(anonymous_18)","decl":{"start":{"line":184,"column":26},"end":{"line":184,"column":27}},"loc":{"start":{"line":184,"column":32},"end":{"line":184,"column":35}},"line":184},"19":{"name":"getValue","decl":{"start":{"line":186,"column":11},"end":{"line":186,"column":19}},"loc":{"start":{"line":186,"column":34},"end":{"line":193,"column":3}},"line":186},"20":{"name":"getUpdate","decl":{"start":{"line":195,"column":11},"end":{"line":195,"column":20}},"loc":{"start":{"line":195,"column":77},"end":{"line":206,"column":3}},"line":195},"21":{"name":"input","decl":{"start":{"line":208,"column":11},"end":{"line":208,"column":16}},"loc":{"start":{"line":208,"column":54},"end":{"line":232,"column":3}},"line":208},"22":{"name":"(anonymous_22)","decl":{"start":{"line":210,"column":16},"end":{"line":210,"column":17}},"loc":{"start":{"line":210,"column":138},"end":{"line":227,"column":7}},"line":210},"23":{"name":"checkbox","decl":{"start":{"line":234,"column":11},"end":{"line":234,"column":19}},"loc":{"start":{"line":234,"column":82},"end":{"line":251,"column":3}},"line":234},"24":{"name":"(anonymous_24)","decl":{"start":{"line":237,"column":16},"end":{"line":237,"column":17}},"loc":{"start":{"line":237,"column":110},"end":{"line":245,"column":7}},"line":237},"25":{"name":"radio","decl":{"start":{"line":253,"column":11},"end":{"line":253,"column":16}},"loc":{"start":{"line":253,"column":50},"end":{"line":272,"column":3}},"line":253},"26":{"name":"(anonymous_26)","decl":{"start":{"line":256,"column":16},"end":{"line":256,"column":17}},"loc":{"start":{"line":256,"column":110},"end":{"line":266,"column":7}},"line":256},"27":{"name":"submit","decl":{"start":{"line":274,"column":11},"end":{"line":274,"column":17}},"loc":{"start":{"line":274,"column":50},"end":{"line":287,"column":3}},"line":274},"28":{"name":"(anonymous_28)","decl":{"start":{"line":275,"column":11},"end":{"line":275,"column":12}},"loc":{"start":{"line":275,"column":104},"end":{"line":285,"column":5}},"line":275},"29":{"name":"error","decl":{"start":{"line":289,"column":11},"end":{"line":289,"column":16}},"loc":{"start":{"line":289,"column":62},"end":{"line":296,"column":3}},"line":289},"30":{"name":"(anonymous_30)","decl":{"start":{"line":292,"column":11},"end":{"line":292,"column":12}},"loc":{"start":{"line":292,"column":17},"end":{"line":295,"column":5}},"line":292},"31":{"name":"getState","decl":{"start":{"line":298,"column":11},"end":{"line":298,"column":19}},"loc":{"start":{"line":298,"column":22},"end":{"line":301,"column":3}},"line":298},"32":{"name":"getErrors","decl":{"start":{"line":303,"column":11},"end":{"line":303,"column":20}},"loc":{"start":{"line":303,"column":23},"end":{"line":306,"column":3}},"line":303},"33":{"name":"watch","decl":{"start":{"line":308,"column":11},"end":{"line":308,"column":16}},"loc":{"start":{"line":308,"column":70},"end":{"line":313,"column":3}},"line":308},"34":{"name":"unwatch","decl":{"start":{"line":310,"column":20},"end":{"line":310,"column":27}},"loc":{"start":{"line":310,"column":30},"end":{"line":312,"column":5}},"line":310},"35":{"name":"set","decl":{"start":{"line":315,"column":11},"end":{"line":315,"column":14}},"loc":{"start":{"line":315,"column":83},"end":{"line":325,"column":3}},"line":315},"36":{"name":"get","decl":{"start":{"line":327,"column":11},"end":{"line":327,"column":14}},"loc":{"start":{"line":327,"column":29},"end":{"line":329,"column":3}},"line":327},"37":{"name":"(anonymous_37)","decl":{"start":{"line":331,"column":30},"end":{"line":331,"column":31}},"loc":{"start":{"line":331,"column":69},"end":{"line":338,"column":3}},"line":331}},"branchMap":{"0":{"loc":{"start":{"line":25,"column":64},"end":{"line":25,"column":81}},"type":"default-arg","locations":[{"start":{"line":25,"column":79},"end":{"line":25,"column":81}}],"line":25},"1":{"loc":{"start":{"line":28,"column":15},"end":{"line":30,"column":64}},"type":"cond-expr","locations":[{"start":{"line":29,"column":10},"end":{"line":29,"column":66}},{"start":{"line":30,"column":11},"end":{"line":30,"column":63}}],"line":28},"2":{"loc":{"start":{"line":28,"column":15},"end":{"line":28,"column":83}},"type":"binary-expr","locations":[{"start":{"line":28,"column":15},"end":{"line":28,"column":49}},{"start":{"line":28,"column":53},"end":{"line":28,"column":83}}],"line":28},"3":{"loc":{"start":{"line":29,"column":35},"end":{"line":29,"column":65}},"type":"cond-expr","locations":[{"start":{"line":29,"column":43},"end":{"line":29,"column":46}},{"start":{"line":29,"column":49},"end":{"line":29,"column":65}}],"line":29},"4":{"loc":{"start":{"line":30,"column":14},"end":{"line":30,"column":44}},"type":"cond-expr","locations":[{"start":{"line":30,"column":22},"end":{"line":30,"column":25}},{"start":{"line":30,"column":28},"end":{"line":30,"column":44}}],"line":30},"5":{"loc":{"start":{"line":48,"column":19},"end":{"line":48,"column":190}},"type":"cond-expr","locations":[{"start":{"line":48,"column":46},"end":{"line":48,"column":48}},{"start":{"line":48,"column":51},"end":{"line":48,"column":190}}],"line":48},"6":{"loc":{"start":{"line":48,"column":51},"end":{"line":48,"column":190}},"type":"cond-expr","locations":[{"start":{"line":48,"column":73},"end":{"line":48,"column":87}},{"start":{"line":48,"column":90},"end":{"line":48,"column":190}}],"line":48},"7":{"loc":{"start":{"line":50,"column":2},"end":{"line":55,"column":3}},"type":"if","locations":[{"start":{"line":50,"column":2},"end":{"line":55,"column":3}},{"start":{"line":50,"column":2},"end":{"line":55,"column":3}}],"line":50},"8":{"loc":{"start":{"line":51,"column":4},"end":{"line":53,"column":5}},"type":"if","locations":[{"start":{"line":51,"column":4},"end":{"line":53,"column":5}},{"start":{"line":51,"column":4},"end":{"line":53,"column":5}}],"line":51},"9":{"loc":{"start":{"line":52,"column":28},"end":{"line":52,"column":74}},"type":"cond-expr","locations":[{"start":{"line":52,"column":54},"end":{"line":52,"column":68}},{"start":{"line":52,"column":71},"end":{"line":52,"column":74}}],"line":52},"10":{"loc":{"start":{"line":66,"column":4},"end":{"line":70,"column":5}},"type":"if","locations":[{"start":{"line":66,"column":4},"end":{"line":70,"column":5}},{"start":{"line":66,"column":4},"end":{"line":70,"column":5}}],"line":66},"11":{"loc":{"start":{"line":77,"column":4},"end":{"line":98,"column":5}},"type":"if","locations":[{"start":{"line":77,"column":4},"end":{"line":98,"column":5}},{"start":{"line":77,"column":4},"end":{"line":98,"column":5}}],"line":77},"12":{"loc":{"start":{"line":77,"column":8},"end":{"line":77,"column":67}},"type":"binary-expr","locations":[{"start":{"line":77,"column":8},"end":{"line":77,"column":41}},{"start":{"line":77,"column":45},"end":{"line":77,"column":67}}],"line":77},"13":{"loc":{"start":{"line":79,"column":6},"end":{"line":82,"column":7}},"type":"if","locations":[{"start":{"line":79,"column":6},"end":{"line":82,"column":7}},{"start":{"line":79,"column":6},"end":{"line":82,"column":7}}],"line":79},"14":{"loc":{"start":{"line":83,"column":6},"end":{"line":86,"column":7}},"type":"if","locations":[{"start":{"line":83,"column":6},"end":{"line":86,"column":7}},{"start":{"line":83,"column":6},"end":{"line":86,"column":7}}],"line":83},"15":{"loc":{"start":{"line":87,"column":6},"end":{"line":95,"column":7}},"type":"if","locations":[{"start":{"line":87,"column":6},"end":{"line":95,"column":7}},{"start":{"line":87,"column":6},"end":{"line":95,"column":7}}],"line":87},"16":{"loc":{"start":{"line":88,"column":8},"end":{"line":90,"column":9}},"type":"if","locations":[{"start":{"line":88,"column":8},"end":{"line":90,"column":9}},{"start":{"line":88,"column":8},"end":{"line":90,"column":9}}],"line":88},"17":{"loc":{"start":{"line":91,"column":8},"end":{"line":93,"column":9}},"type":"if","locations":[{"start":{"line":91,"column":8},"end":{"line":93,"column":9}},{"start":{"line":91,"column":8},"end":{"line":93,"column":9}}],"line":91},"18":{"loc":{"start":{"line":124,"column":2},"end":{"line":131,"column":3}},"type":"if","locations":[{"start":{"line":124,"column":2},"end":{"line":131,"column":3}},{"start":{"line":124,"column":2},"end":{"line":131,"column":3}}],"line":124},"19":{"loc":{"start":{"line":128,"column":4},"end":{"line":130,"column":5}},"type":"if","locations":[{"start":{"line":128,"column":4},"end":{"line":130,"column":5}},{"start":{"line":128,"column":4},"end":{"line":130,"column":5}}],"line":128},"20":{"loc":{"start":{"line":128,"column":8},"end":{"line":128,"column":110}},"type":"binary-expr","locations":[{"start":{"line":128,"column":8},"end":{"line":128,"column":31}},{"start":{"line":128,"column":35},"end":{"line":128,"column":54}},{"start":{"line":128,"column":58},"end":{"line":128,"column":110}}],"line":128},"21":{"loc":{"start":{"line":139,"column":43},"end":{"line":139,"column":64}},"type":"default-arg","locations":[{"start":{"line":139,"column":62},"end":{"line":139,"column":64}}],"line":139},"22":{"loc":{"start":{"line":160,"column":4},"end":{"line":164,"column":5}},"type":"if","locations":[{"start":{"line":160,"column":4},"end":{"line":164,"column":5}},{"start":{"line":160,"column":4},"end":{"line":164,"column":5}}],"line":160},"23":{"loc":{"start":{"line":171,"column":4},"end":{"line":181,"column":5}},"type":"if","locations":[{"start":{"line":171,"column":4},"end":{"line":181,"column":5}},{"start":{"line":171,"column":4},"end":{"line":181,"column":5}}],"line":171},"24":{"loc":{"start":{"line":195,"column":55},"end":{"line":195,"column":75}},"type":"default-arg","locations":[{"start":{"line":195,"column":70},"end":{"line":195,"column":75}}],"line":195},"25":{"loc":{"start":{"line":198,"column":4},"end":{"line":204,"column":5}},"type":"if","locations":[{"start":{"line":198,"column":4},"end":{"line":204,"column":5}},{"start":{"line":198,"column":4},"end":{"line":204,"column":5}}],"line":198},"26":{"loc":{"start":{"line":201,"column":14},"end":{"line":201,"column":51}},"type":"cond-expr","locations":[{"start":{"line":201,"column":34},"end":{"line":201,"column":46}},{"start":{"line":201,"column":49},"end":{"line":201,"column":51}}],"line":201},"27":{"loc":{"start":{"line":208,"column":31},"end":{"line":208,"column":52}},"type":"default-arg","locations":[{"start":{"line":208,"column":46},"end":{"line":208,"column":52}}],"line":208},"28":{"loc":{"start":{"line":213,"column":8},"end":{"line":215,"column":9}},"type":"if","locations":[{"start":{"line":213,"column":8},"end":{"line":215,"column":9}},{"start":{"line":213,"column":8},"end":{"line":215,"column":9}}],"line":213},"29":{"loc":{"start":{"line":217,"column":8},"end":{"line":219,"column":9}},"type":"if","locations":[{"start":{"line":217,"column":8},"end":{"line":219,"column":9}},{"start":{"line":217,"column":8},"end":{"line":219,"column":9}}],"line":217},"30":{"loc":{"start":{"line":223,"column":8},"end":{"line":225,"column":9}},"type":"if","locations":[{"start":{"line":223,"column":8},"end":{"line":225,"column":9}},{"start":{"line":223,"column":8},"end":{"line":225,"column":9}}],"line":223},"31":{"loc":{"start":{"line":234,"column":34},"end":{"line":234,"column":55}},"type":"default-arg","locations":[{"start":{"line":234,"column":51},"end":{"line":234,"column":55}}],"line":234},"32":{"loc":{"start":{"line":234,"column":57},"end":{"line":234,"column":80}},"type":"default-arg","locations":[{"start":{"line":234,"column":75},"end":{"line":234,"column":80}}],"line":234},"33":{"loc":{"start":{"line":238,"column":25},"end":{"line":238,"column":75}},"type":"cond-expr","locations":[{"start":{"line":238,"column":53},"end":{"line":238,"column":62}},{"start":{"line":238,"column":65},"end":{"line":238,"column":75}}],"line":238},"34":{"loc":{"start":{"line":241,"column":8},"end":{"line":243,"column":9}},"type":"if","locations":[{"start":{"line":241,"column":8},"end":{"line":243,"column":9}},{"start":{"line":241,"column":8},"end":{"line":243,"column":9}}],"line":241},"35":{"loc":{"start":{"line":253,"column":31},"end":{"line":253,"column":48}},"type":"default-arg","locations":[{"start":{"line":253,"column":44},"end":{"line":253,"column":48}}],"line":253},"36":{"loc":{"start":{"line":257,"column":8},"end":{"line":265,"column":9}},"type":"if","locations":[{"start":{"line":257,"column":8},"end":{"line":265,"column":9}},{"start":{"line":257,"column":8},"end":{"line":265,"column":9}}],"line":257},"37":{"loc":{"start":{"line":261,"column":10},"end":{"line":263,"column":11}},"type":"if","locations":[{"start":{"line":261,"column":10},"end":{"line":263,"column":11}},{"start":{"line":261,"column":10},"end":{"line":263,"column":11}}],"line":261},"38":{"loc":{"start":{"line":279,"column":6},"end":{"line":283,"column":7}},"type":"if","locations":[{"start":{"line":279,"column":6},"end":{"line":283,"column":7}},{"start":{"line":279,"column":6},"end":{"line":283,"column":7}}],"line":279},"39":{"loc":{"start":{"line":315,"column":41},"end":{"line":315,"column":61}},"type":"default-arg","locations":[{"start":{"line":315,"column":57},"end":{"line":315,"column":61}}],"line":315},"40":{"loc":{"start":{"line":315,"column":63},"end":{"line":315,"column":81}},"type":"default-arg","locations":[{"start":{"line":315,"column":77},"end":{"line":315,"column":81}}],"line":315},"41":{"loc":{"start":{"line":318,"column":4},"end":{"line":320,"column":5}},"type":"if","locations":[{"start":{"line":318,"column":4},"end":{"line":320,"column":5}},{"start":{"line":318,"column":4},"end":{"line":320,"column":5}}],"line":318},"42":{"loc":{"start":{"line":318,"column":8},"end":{"line":318,"column":39}},"type":"binary-expr","locations":[{"start":{"line":318,"column":8},"end":{"line":318,"column":19}},{"start":{"line":318,"column":23},"end":{"line":318,"column":39}}],"line":318},"43":{"loc":{"start":{"line":321,"column":4},"end":{"line":324,"column":5}},"type":"if","locations":[{"start":{"line":321,"column":4},"end":{"line":324,"column":5}},{"start":{"line":321,"column":4},"end":{"line":324,"column":5}}],"line":321},"44":{"loc":{"start":{"line":331,"column":44},"end":{"line":331,"column":64}},"type":"default-arg","locations":[{"start":{"line":331,"column":59},"end":{"line":331,"column":64}}],"line":331},"45":{"loc":{"start":{"line":334,"column":4},"end":{"line":336,"column":5}},"type":"if","locations":[{"start":{"line":334,"column":4},"end":{"line":336,"column":5}},{"start":{"line":334,"column":4},"end":{"line":336,"column":5}}],"line":334}},"s":{"0":1,"1":296,"2":1,"3":1047,"4":1,"5":74,"6":148,"7":370,"8":1,"9":74,"10":74,"11":38,"12":0,"13":38,"14":38,"15":30,"16":18,"17":12,"18":8,"19":554,"20":148,"21":518,"22":74,"23":444,"24":148,"25":148,"26":518,"27":370,"28":370,"29":296,"30":296,"31":370,"32":296,"33":296,"34":370,"35":74,"36":74,"37":74,"38":74,"39":74,"40":148,"41":74,"42":74,"43":74,"44":74,"45":74,"46":74,"47":25,"48":0,"49":25,"50":25,"51":0,"52":74,"53":74,"54":74,"55":74,"56":74,"57":1,"58":1,"59":2,"60":2,"61":2,"62":2,"63":0,"64":0,"65":0,"66":0,"67":0,"68":0,"69":0,"70":74,"71":36,"72":36,"73":36,"74":36,"75":36,"76":25,"77":11,"78":74,"79":482,"80":482,"81":482,"82":482,"83":483,"84":482,"85":72,"86":72,"87":72,"88":72,"89":72,"90":72,"91":2,"92":72,"93":72,"94":222,"95":35,"96":35,"97":0,"98":35,"99":35,"100":35,"101":35,"102":35,"103":7,"104":35,"105":74,"106":0,"107":0,"108":0,"109":0,"110":0,"111":0,"112":148,"113":0,"114":0,"115":0,"116":0,"117":0,"118":0,"119":0,"120":74,"121":1,"122":1,"123":0,"124":0,"125":0,"126":0,"127":74,"128":74,"129":0,"130":0,"131":0,"132":74,"133":74,"134":0,"135":1,"136":1,"137":1,"138":0,"139":1,"140":1,"141":0,"142":74,"143":1,"144":1,"145":0,"146":74},"f":{"0":1,"1":296,"2":1047,"3":74,"4":148,"5":370,"6":74,"7":38,"8":0,"9":554,"10":148,"11":148,"12":74,"13":25,"14":74,"15":1,"16":0,"17":36,"18":0,"19":482,"20":72,"21":222,"22":35,"23":74,"24":0,"25":148,"26":0,"27":74,"28":1,"29":74,"30":0,"31":0,"32":0,"33":74,"34":0,"35":1,"36":0,"37":1},"b":{"0":[74],"1":[74,296],"2":[370,370],"3":[74,0],"4":[222,74],"5":[12,26],"6":[26,0],"7":[30,8],"8":[18,12],"9":[18,0],"10":[74,444],"11":[370,148],"12":[518,370],"13":[296,74],"14":[296,74],"15":[74,296],"16":[74,0],"17":[74,0],"18":[0,25],"19":[25,0],"20":[25,25,25],"21":[0],"22":[0,0],"23":[36,0],"24":[36],"25":[72,0],"26":[2,0],"27":[148],"28":[0,35],"29":[35,0],"30":[7,28],"31":[74],"32":[74],"33":[0,0],"34":[0,0],"35":[0],"36":[0,0],"37":[0,0],"38":[0,0],"39":[1],"40":[1],"41":[0,1],"42":[1,1],"43":[1,0],"44":[1],"45":[0,1]},"_coverageSchema":"43e27e138ebf9cfc5966b082cf9a028302ed4184","hash":"250d1953dfac379d6230399eb4d23a2be16c1276"}
,"E:\\use-models\\src\\lib\\validators.ts": {"path":"E:\\use-models\\src\\lib\\validators.ts","statementMap":{"0":{"start":{"line":2,"column":19},"end":{"line":36,"column":1}},"1":{"start":{"line":4,"column":4},"end":{"line":4,"column":59}},"2":{"start":{"line":7,"column":18},"end":{"line":7,"column":49}},"3":{"start":{"line":8,"column":4},"end":{"line":8,"column":25}},"4":{"start":{"line":9,"column":4},"end":{"line":9,"column":24}},"5":{"start":{"line":10,"column":17},"end":{"line":10,"column":38}},"6":{"start":{"line":11,"column":18},"end":{"line":11,"column":34}},"7":{"start":{"line":12,"column":4},"end":{"line":16,"column":5}},"8":{"start":{"line":13,"column":6},"end":{"line":13,"column":21}},"9":{"start":{"line":15,"column":6},"end":{"line":15,"column":45}},"10":{"start":{"line":17,"column":4},"end":{"line":19,"column":5}},"11":{"start":{"line":18,"column":6},"end":{"line":18,"column":37}},"12":{"start":{"line":22,"column":4},"end":{"line":24,"column":5}},"13":{"start":{"line":23,"column":6},"end":{"line":23,"column":52}},"14":{"start":{"line":27,"column":4},"end":{"line":29,"column":5}},"15":{"start":{"line":28,"column":6},"end":{"line":28,"column":41}},"16":{"start":{"line":32,"column":4},"end":{"line":34,"column":5}},"17":{"start":{"line":33,"column":6},"end":{"line":33,"column":34}}},"fnMap":{"0":{"name":"(anonymous_0)","decl":{"start":{"line":3,"column":2},"end":{"line":3,"column":3}},"loc":{"start":{"line":3,"column":42},"end":{"line":5,"column":3}},"line":3},"1":{"name":"(anonymous_1)","decl":{"start":{"line":6,"column":2},"end":{"line":6,"column":3}},"loc":{"start":{"line":6,"column":38},"end":{"line":20,"column":3}},"line":6},"2":{"name":"(anonymous_2)","decl":{"start":{"line":21,"column":2},"end":{"line":21,"column":3}},"loc":{"start":{"line":21,"column":41},"end":{"line":25,"column":3}},"line":21},"3":{"name":"(anonymous_3)","decl":{"start":{"line":26,"column":2},"end":{"line":26,"column":3}},"loc":{"start":{"line":26,"column":40},"end":{"line":30,"column":3}},"line":26},"4":{"name":"(anonymous_4)","decl":{"start":{"line":31,"column":2},"end":{"line":31,"column":3}},"loc":{"start":{"line":31,"column":39},"end":{"line":35,"column":3}},"line":31}},"branchMap":{"0":{"loc":{"start":{"line":4,"column":11},"end":{"line":4,"column":58}},"type":"cond-expr","locations":[{"start":{"line":4,"column":32},"end":{"line":4,"column":49}},{"start":{"line":4,"column":52},"end":{"line":4,"column":58}}],"line":4},"1":{"loc":{"start":{"line":12,"column":4},"end":{"line":16,"column":5}},"type":"if","locations":[{"start":{"line":12,"column":4},"end":{"line":16,"column":5}},{"start":{"line":12,"column":4},"end":{"line":16,"column":5}}],"line":12},"2":{"loc":{"start":{"line":12,"column":8},"end":{"line":12,"column":46}},"type":"binary-expr","locations":[{"start":{"line":12,"column":8},"end":{"line":12,"column":16}},{"start":{"line":12,"column":20},"end":{"line":12,"column":46}}],"line":12},"3":{"loc":{"start":{"line":17,"column":4},"end":{"line":19,"column":5}},"type":"if","locations":[{"start":{"line":17,"column":4},"end":{"line":19,"column":5}},{"start":{"line":17,"column":4},"end":{"line":19,"column":5}}],"line":17},"4":{"loc":{"start":{"line":22,"column":4},"end":{"line":24,"column":5}},"type":"if","locations":[{"start":{"line":22,"column":4},"end":{"line":24,"column":5}},{"start":{"line":22,"column":4},"end":{"line":24,"column":5}}],"line":22},"5":{"loc":{"start":{"line":27,"column":4},"end":{"line":29,"column":5}},"type":"if","locations":[{"start":{"line":27,"column":4},"end":{"line":29,"column":5}},{"start":{"line":27,"column":4},"end":{"line":29,"column":5}}],"line":27},"6":{"loc":{"start":{"line":32,"column":4},"end":{"line":34,"column":5}},"type":"if","locations":[{"start":{"line":32,"column":4},"end":{"line":34,"column":5}},{"start":{"line":32,"column":4},"end":{"line":34,"column":5}}],"line":32}},"s":{"0":1,"1":0,"2":18,"3":18,"4":18,"5":18,"6":18,"7":18,"8":0,"9":18,"10":0,"11":0,"12":0,"13":0,"14":0,"15":0,"16":0,"17":0},"f":{"0":0,"1":18,"2":0,"3":0,"4":0},"b":{"0":[0,0],"1":[0,18],"2":[18,18],"3":[0,0],"4":[0,0],"5":[0,0],"6":[0,0]},"_coverageSchema":"43e27e138ebf9cfc5966b082cf9a028302ed4184","hash":"7e95e09021897fc8a2ada1602f4106a29cfc0776"}
}
