TN:
SF:E:\use-models\src\index.ts
FN:7,extendValidators
FN:16,model
FN:22,(anonymous_2)
FN:24,(anonymous_3)
FN:25,_flatten
FN:28,(anonymous_5)
FN:36,(anonymous_6)
FN:47,execValidator
FN:48,noop
FN:59,parsePath
FN:64,oSet
FN:75,assignValues
FN:108,parseOptions
FN:123,stringifyErr
FN:139,useModels
FN:146,(anonymous_15)
FN:161,(anonymous_16)
FN:170,(anonymous_17)
FN:184,(anonymous_18)
FN:186,getValue
FN:195,getUpdate
FN:208,input
FN:210,(anonymous_22)
FN:234,checkbox
FN:237,(anonymous_24)
FN:253,radio
FN:256,(anonymous_26)
FN:274,submit
FN:275,(anonymous_28)
FN:289,error
FN:292,(anonymous_30)
FN:298,getState
FN:303,getErrors
FN:308,watch
FN:310,unwatch
FN:315,set
FN:327,get
FN:331,(anonymous_37)
FNF:38
FNH:28
FNDA:1,extendValidators
FNDA:296,model
FNDA:1047,(anonymous_2)
FNDA:74,(anonymous_3)
FNDA:148,_flatten
FNDA:370,(anonymous_5)
FNDA:74,(anonymous_6)
FNDA:38,execValidator
FNDA:0,noop
FNDA:554,parsePath
FNDA:148,oSet
FNDA:148,assignValues
FNDA:74,parseOptions
FNDA:25,stringifyErr
FNDA:74,useModels
FNDA:1,(anonymous_15)
FNDA:0,(anonymous_16)
FNDA:36,(anonymous_17)
FNDA:0,(anonymous_18)
FNDA:482,getValue
FNDA:72,getUpdate
FNDA:222,input
FNDA:35,(anonymous_22)
FNDA:74,checkbox
FNDA:0,(anonymous_24)
FNDA:148,radio
FNDA:0,(anonymous_26)
FNDA:74,submit
FNDA:1,(anonymous_28)
FNDA:74,error
FNDA:0,(anonymous_30)
FNDA:0,getState
FNDA:0,getErrors
FNDA:74,watch
FNDA:0,unwatch
FNDA:1,set
FNDA:0,get
FNDA:1,(anonymous_37)
DA:8,1
DA:17,296
DA:22,1047
DA:24,1
DA:25,74
DA:26,148
DA:28,370
DA:36,1
DA:37,74
DA:44,74
DA:48,38
DA:49,38
DA:50,38
DA:51,30
DA:52,18
DA:54,12
DA:56,8
DA:60,554
DA:65,148
DA:66,518
DA:67,74
DA:69,444
DA:72,148
DA:76,148
DA:77,518
DA:78,370
DA:79,370
DA:80,296
DA:81,296
DA:83,370
DA:84,296
DA:85,296
DA:87,370
DA:88,74
DA:89,74
DA:91,74
DA:92,74
DA:94,74
DA:97,148
DA:110,74
DA:111,74
DA:112,74
DA:113,74
DA:114,74
DA:116,74
DA:124,25
DA:125,0
DA:128,25
DA:129,25
DA:132,0
DA:141,74
DA:142,74
DA:143,74
DA:144,74
DA:146,74
DA:147,1
DA:148,1
DA:149,2
DA:150,2
DA:151,2
DA:154,0
DA:159,0
DA:160,0
DA:161,0
DA:162,0
DA:165,0
DA:166,0
DA:170,74
DA:171,36
DA:172,36
DA:173,36
DA:174,36
DA:177,25
DA:180,11
DA:184,74
DA:187,482
DA:188,482
DA:189,482
DA:190,483
DA:192,482
DA:196,72
DA:197,72
DA:198,72
DA:199,72
DA:200,72
DA:201,2
DA:203,72
DA:205,72
DA:209,222
DA:212,35
DA:213,35
DA:214,0
DA:217,35
DA:218,35
DA:221,35
DA:222,35
DA:223,35
DA:224,7
DA:226,35
DA:236,74
DA:238,0
DA:239,0
DA:240,0
DA:241,0
DA:242,0
DA:244,0
DA:255,148
DA:257,0
DA:258,0
DA:259,0
DA:260,0
DA:261,0
DA:262,0
DA:264,0
DA:275,74
DA:276,1
DA:277,1
DA:279,0
DA:280,0
DA:282,0
DA:284,0
DA:291,74
DA:292,74
DA:294,0
DA:300,0
DA:305,0
DA:309,74
DA:310,74
DA:311,0
DA:316,1
DA:317,1
DA:318,1
DA:319,0
DA:321,1
DA:323,1
DA:328,0
DA:331,74
DA:333,1
DA:334,1
DA:335,0
DA:340,74
LF:141
LH:107
BRDA:25,0,0,74
BRDA:28,1,0,74
BRDA:28,1,1,296
BRDA:28,2,0,370
BRDA:28,2,1,370
BRDA:29,3,0,74
BRDA:29,3,1,0
BRDA:30,4,0,222
BRDA:30,4,1,74
BRDA:48,5,0,12
BRDA:48,5,1,26
BRDA:48,6,0,26
BRDA:48,6,1,0
BRDA:50,7,0,30
BRDA:50,7,1,8
BRDA:51,8,0,18
BRDA:51,8,1,12
BRDA:52,9,0,18
BRDA:52,9,1,0
BRDA:66,10,0,74
BRDA:66,10,1,444
BRDA:77,11,0,370
BRDA:77,11,1,148
BRDA:77,12,0,518
BRDA:77,12,1,370
BRDA:79,13,0,296
BRDA:79,13,1,74
BRDA:83,14,0,296
BRDA:83,14,1,74
BRDA:87,15,0,74
BRDA:87,15,1,296
BRDA:88,16,0,74
BRDA:88,16,1,0
BRDA:91,17,0,74
BRDA:91,17,1,0
BRDA:124,18,0,0
BRDA:124,18,1,25
BRDA:128,19,0,25
BRDA:128,19,1,0
BRDA:128,20,0,25
BRDA:128,20,1,25
BRDA:128,20,2,25
BRDA:139,21,0,0
BRDA:160,22,0,0
BRDA:160,22,1,0
BRDA:171,23,0,36
BRDA:171,23,1,0
BRDA:195,24,0,36
BRDA:198,25,0,72
BRDA:198,25,1,0
BRDA:201,26,0,2
BRDA:201,26,1,0
BRDA:208,27,0,148
BRDA:213,28,0,0
BRDA:213,28,1,35
BRDA:217,29,0,35
BRDA:217,29,1,0
BRDA:223,30,0,7
BRDA:223,30,1,28
BRDA:234,31,0,74
BRDA:234,32,0,74
BRDA:238,33,0,0
BRDA:238,33,1,0
BRDA:241,34,0,0
BRDA:241,34,1,0
BRDA:253,35,0,0
BRDA:257,36,0,0
BRDA:257,36,1,0
BRDA:261,37,0,0
BRDA:261,37,1,0
BRDA:279,38,0,0
BRDA:279,38,1,0
BRDA:315,39,0,1
BRDA:315,40,0,1
BRDA:318,41,0,0
BRDA:318,41,1,1
BRDA:318,42,0,1
BRDA:318,42,1,1
BRDA:321,43,0,1
BRDA:321,43,1,0
BRDA:331,44,0,1
BRDA:334,45,0,0
BRDA:334,45,1,1
BRF:83
BRH:54
end_of_record
TN:
SF:E:\use-models\src\lib\validators.ts
FN:3,(anonymous_0)
FN:6,(anonymous_1)
FN:21,(anonymous_2)
FN:26,(anonymous_3)
FN:31,(anonymous_4)
FNF:5
FNH:1
FNDA:0,(anonymous_0)
FNDA:18,(anonymous_1)
FNDA:0,(anonymous_2)
FNDA:0,(anonymous_3)
FNDA:0,(anonymous_4)
DA:2,1
DA:4,0
DA:7,18
DA:8,18
DA:9,18
DA:10,18
DA:11,18
DA:12,18
DA:13,0
DA:15,18
DA:17,0
DA:18,0
DA:22,0
DA:23,0
DA:27,0
DA:28,0
DA:32,0
DA:33,0
LF:18
LH:8
BRDA:4,0,0,0
BRDA:4,0,1,0
BRDA:12,1,0,0
BRDA:12,1,1,18
BRDA:12,2,0,18
BRDA:12,2,1,18
BRDA:17,3,0,0
BRDA:17,3,1,0
BRDA:22,4,0,0
BRDA:22,4,1,0
BRDA:27,5,0,0
BRDA:27,5,1,0
BRDA:32,6,0,0
BRDA:32,6,1,0
BRF:14
BRH:3
end_of_record
